<?xml version="1.0" encoding="UTF-8"?>
<!-- Generated by org.testng.reporters.JUnitReportReporter -->
<testsuite skipped="0" hostname="LAPTOP-SF99IFHK" name="com.testcases.HomePageTest" tests="1" failures="0" timestamp="07 Aug 2020 03:37:40 GMT" time="17.135" errors="0">
  <testcase name="verifyPageContent" time="17.135" classname="com.testcases.HomePageTest"/>
</testsuite> <!-- com.testcases.HomePageTest -->
